<?xml version="1.0" encoding="UTF-8"?><testrun name="RunnerTest" project="TestesAutomatizados" tests="2" started="2" failures="0" errors="2" ignored="0">
  <testsuite name="runners.RunnerTest" time="47.455">
    <testsuite name="Funcionalidade: Login" time="47.455">
      <testcase name="Usuario invalido" classname="Login" time="21.287">
        <error>org.openqa.selenium.NoSuchElementException: no such element: Unable to locate element: {"method":"css selector","selector":"#txtUsername"}
  (Session info: chrome=103.0.5060.53)
For documentation on this error, please visit: http://seleniumhq.org/exceptions/no_such_element.html
Build info: version: '3.14.0', revision: 'aacccce0', time: '2018-08-02T20:19:58.91Z'
System info: host: 'DESKTOP-3631BKL', ip: '192.168.1.7', os.name: 'Windows 10', os.arch: 'amd64', os.version: '10.0', java.version: '17.0.3'
Driver info: org.openqa.selenium.chrome.ChromeDriver
Capabilities {acceptInsecureCerts: false, browserName: chrome, browserVersion: 103.0.5060.53, chrome: {chromedriverVersion: 103.0.5060.53 (a1711811edd7..., userDataDir: C:\Users\bruno\AppData\Loca...}, goog:chromeOptions: {debuggerAddress: localhost:56229}, javascriptEnabled: true, networkConnectionEnabled: false, pageLoadStrategy: normal, platform: WINDOWS, platformName: WINDOWS, proxy: Proxy(), setWindowRect: true, strictFileInteractability: false, timeouts: {implicit: 0, pageLoad: 300000, script: 30000}, unhandledPromptBehavior: dismiss and notify, webauthn:extension:credBlob: true, webauthn:extension:largeBlob: true, webauthn:virtualAuthenticators: true}
Session ID: cbb854e77449525f006a12f67d0cf9d9
*** Element info: {Using=id, value=txtUsername}&#13;
	at java.base/jdk.internal.reflect.NativeConstructorAccessorImpl.newInstance0(Native Method)&#13;
	at java.base/jdk.internal.reflect.NativeConstructorAccessorImpl.newInstance(NativeConstructorAccessorImpl.java:77)&#13;
	at java.base/jdk.internal.reflect.DelegatingConstructorAccessorImpl.newInstance(DelegatingConstructorAccessorImpl.java:45)&#13;
	at java.base/java.lang.reflect.Constructor.newInstanceWithCaller(Constructor.java:499)&#13;
	at java.base/java.lang.reflect.Constructor.newInstance(Constructor.java:480)&#13;
	at org.openqa.selenium.remote.http.W3CHttpResponseCodec.createException(W3CHttpResponseCodec.java:187)&#13;
	at org.openqa.selenium.remote.http.W3CHttpResponseCodec.decode(W3CHttpResponseCodec.java:122)&#13;
	at org.openqa.selenium.remote.http.W3CHttpResponseCodec.decode(W3CHttpResponseCodec.java:49)&#13;
	at org.openqa.selenium.remote.HttpCommandExecutor.execute(HttpCommandExecutor.java:158)&#13;
	at org.openqa.selenium.remote.service.DriverCommandExecutor.execute(DriverCommandExecutor.java:83)&#13;
	at org.openqa.selenium.remote.RemoteWebDriver.execute(RemoteWebDriver.java:548)&#13;
	at org.openqa.selenium.remote.RemoteWebDriver.findElement(RemoteWebDriver.java:322)&#13;
	at org.openqa.selenium.remote.RemoteWebDriver.findElementById(RemoteWebDriver.java:368)&#13;
	at org.openqa.selenium.By$ById.findElement(By.java:188)&#13;
	at org.openqa.selenium.remote.RemoteWebDriver.findElement(RemoteWebDriver.java:314)&#13;
	at org.openqa.selenium.support.pagefactory.DefaultElementLocator.findElement(DefaultElementLocator.java:69)&#13;
	at org.openqa.selenium.support.pagefactory.internal.LocatingElementHandler.invoke(LocatingElementHandler.java:38)&#13;
	at jdk.proxy2/jdk.proxy2.$Proxy18.sendKeys(Unknown Source)&#13;
	at pageObjects.LoginPage.InformarCampoUsuario(LoginPage.java:21)&#13;
	at stepsDefinitions.LoginSteps.euInformarOUsuario(LoginSteps.java:17)&#13;
	at ✽.eu informar o usuario "Ad"(file:src/test/resources/features/Login.feature:8)&#13;
&#13;
</error>
      </testcase>
      <testcase name="Realizar login" classname="Login" time="26.166">
        <error>java.lang.NullPointerException: Cannot invoke "Object.getClass()" because "obj" is null&#13;
	at java.base/java.lang.reflect.Method.invoke(Method.java:561)&#13;
	at org.openqa.selenium.support.pagefactory.internal.LocatingElementHandler.invoke(LocatingElementHandler.java:51)&#13;
	at jdk.proxy2/jdk.proxy2.$Proxy18.sendKeys(Unknown Source)&#13;
	at pageObjects.LoginPage.InformarCampoUsuario(LoginPage.java:21)&#13;
	at stepsDefinitions.LoginSteps.euInformarOUsuario(LoginSteps.java:17)&#13;
	at ✽.eu informar o usuario "Admin"(file:src/test/resources/features/Login.feature:15)&#13;
&#13;
</error>
      </testcase>
    </testsuite>
  </testsuite>
</testrun>
